[0426/111907:ERROR:process_info.cc(330)] VirtualQueryEx: Access is denied. (0x5)
[0426/111907:ERROR:process_info.cc(547)] ReadMemoryInfo failed
[0426/111907:ERROR:process_info.cc(608)] range at 0xfffde000, size 0x230 fully unreadable
[0426/111907:ERROR:process_reader_win.cc(232)] ReadMemory at 0xfffde000 of 560 bytes failed: Only part of a ReadProcessMemory or WriteProcessMemory request was completed. (0x12B)
[0426/111907:ERROR:process_snapshot_win.cc(271)] ReadMemory PEB
[0426/111907:ERROR:process_reader_win.cc(98)] process 6904 not found
[0426/111907:ERROR:process_reader_win.cc(232)] ReadMemory at 0xb50000 of 64 bytes failed: Only part of a ReadProcessMemory or WriteProcessMemory request was completed. (0x12B)
[0426/111907:WARNING:pe_image_reader.cc(280)] could not read dos header from C:\Program Files (x86)\Google\Chrome\Application\chrome.exe
[0426/111907:ERROR:process_reader_win.cc(232)] ReadMemory at 0x77e70000 of 64 bytes failed: Only part of a ReadProcessMemory or WriteProcessMemory request was completed. (0x12B)
[0426/111907:WARNING:pe_image_reader.cc(280)] could not read dos header from C:\Windows\SysWOW64\ntdll.dll
[0426/111907:ERROR:process_reader_win.cc(232)] ReadMemory at 0x771f0000 of 64 bytes failed: Only part of a ReadProcessMemory or WriteProcessMemory request was completed. (0x12B)
[0426/111907:WARNING:pe_image_reader.cc(280)] could not read dos header from C:\Windows\syswow64\KERNELBASE.dll
[0426/111907:ERROR:process_reader_win.cc(232)] ReadMemory at 0x772c0000 of 64 bytes failed: Only part of a ReadProcessMemory or WriteProcessMemory request was completed. (0x12B)
[0426/111907:WARNING:pe_image_reader.cc(280)] could not read dos header from C:\Windows\syswow64\kernel32.dll
[0426/111907:ERROR:process_reader_win.cc(232)] ReadMemory at 0x76b70000 of 64 bytes failed: Only part of a ReadProcessMemory or WriteProcessMemory request was completed. (0x12B)
[0426/111907:WARNING:pe_image_reader.cc(280)] could not read dos header from C:\Windows\syswow64\msvcrt.dll
[0426/111907:ERROR:process_reader_win.cc(232)] ReadMemory at 0x75510000 of 64 bytes failed: Only part of a ReadProcessMemory or WriteProcessMemory request was completed. (0x12B)
[0426/111907:WARNING:pe_image_reader.cc(280)] could not read dos header from C:\Windows\syswow64\CRYPTBASE.dll
[0426/111907:ERROR:process_reader_win.cc(232)] ReadMemory at 0x75520000 of 64 bytes failed: Only part of a ReadProcessMemory or WriteProcessMemory request was completed. (0x12B)
[0426/111907:WARNING:pe_image_reader.cc(280)] could not read dos header from C:\Windows\syswow64\SspiCli.dll
[0426/111907:ERROR:process_reader_win.cc(232)] ReadMemory at 0x76c20000 of 64 bytes failed: Only part of a ReadProcessMemory or WriteProcessMemory request was completed. (0x12B)
[0426/111907:WARNING:pe_image_reader.cc(280)] could not read dos header from C:\Windows\syswow64\RPCRT4.dll
[0426/111907:ERROR:process_reader_win.cc(232)] ReadMemory at 0x76ff0000 of 64 bytes failed: Only part of a ReadProcessMemory or WriteProcessMemory request was completed. (0x12B)
[0426/111907:WARNING:pe_image_reader.cc(280)] could not read dos header from C:\Windows\SysWOW64\sechost.dll
[0426/111907:ERROR:process_reader_win.cc(232)] ReadMemory at 0x770a0000 of 64 bytes failed: Only part of a ReadProcessMemory or WriteProcessMemory request was completed. (0x12B)
[0426/111907:WARNING:pe_image_reader.cc(280)] could not read dos header from C:\Windows\syswow64\ADVAPI32.dll
[0426/111907:ERROR:process_reader_win.cc(232)] ReadMemory at 0x6ce50000 of 64 bytes failed: Only part of a ReadProcessMemory or WriteProcessMemory request was completed. (0x12B)
[0426/111907:WARNING:pe_image_reader.cc(280)] could not read dos header from C:\Program Files (x86)\Google\Chrome\Application\49.0.2623.112\chrome_elf.dll
[0426/111907:ERROR:process_reader_win.cc(232)] ReadMemory at 0x73dc0000 of 64 bytes failed: Only part of a ReadProcessMemory or WriteProcessMemory request was completed. (0x12B)
[0426/111907:WARNING:pe_image_reader.cc(280)] could not read dos header from C:\Windows\system32\webio.dll
[0426/111907:ERROR:process_reader_win.cc(232)] ReadMemory at 0x73e10000 of 64 bytes failed: Only part of a ReadProcessMemory or WriteProcessMemory request was completed. (0x12B)
[0426/111907:WARNING:pe_image_reader.cc(280)] could not read dos header from C:\Windows\system32\WINHTTP.dll
[0426/111907:ERROR:process_reader_win.cc(232)] ReadMemory at 0x73950000 of 64 bytes failed: Only part of a ReadProcessMemory or WriteProcessMemory request was completed. (0x12B)
[0426/111907:WARNING:pe_image_reader.cc(280)] could not read dos header from C:\Windows\system32\VERSION.dll
[0426/111907:ERROR:process_reader_win.cc(232)] ReadMemory at 0x75d00000 of 64 bytes failed: Only part of a ReadProcessMemory or WriteProcessMemory request was completed. (0x12B)
[0426/111907:WARNING:pe_image_reader.cc(280)] could not read dos header from C:\Windows\syswow64\USP10.dll
[0426/111907:ERROR:process_reader_win.cc(232)] ReadMemory at 0x76d10000 of 64 bytes failed: Only part of a ReadProcessMemory or WriteProcessMemory request was completed. (0x12B)
[0426/111907:WARNING:pe_image_reader.cc(280)] could not read dos header from C:\Windows\syswow64\LPK.dll
[0426/111907:ERROR:process_reader_win.cc(232)] ReadMemory at 0x758f0000 of 64 bytes failed: Only part of a ReadProcessMemory or WriteProcessMemory request was completed. (0x12B)
[0426/111907:WARNING:pe_image_reader.cc(280)] could not read dos header from C:\Windows\syswow64\GDI32.dll
[0426/111907:ERROR:process_reader_win.cc(232)] ReadMemory at 0x76ef0000 of 64 bytes failed: Only part of a ReadProcessMemory or WriteProcessMemory request was completed. (0x12B)
[0426/111907:WARNING:pe_image_reader.cc(280)] could not read dos header from C:\Windows\syswow64\USER32.dll
[0426/111907:ERROR:process_reader_win.cc(232)] ReadMemory at 0x72a90000 of 64 bytes failed: Only part of a ReadProcessMemory or WriteProcessMemory request was completed. (0x12B)
[0426/111907:WARNING:pe_image_reader.cc(280)] could not read dos header from C:\Windows\system32\WINMM.dll
[0426/111907:ERROR:process_reader_win.cc(232)] ReadMemory at 0x743e0000 of 64 bytes failed: Only part of a ReadProcessMemory or WriteProcessMemory request was completed. (0x12B)
[0426/111907:WARNING:pe_image_reader.cc(280)] could not read dos header from C:\Windows\system32\profapi.dll
[0426/111907:ERROR:process_reader_win.cc(232)] ReadMemory at 0x753d0000 of 64 bytes failed: Only part of a ReadProcessMemory or WriteProcessMemory request was completed. (0x12B)
[0426/111907:WARNING:pe_image_reader.cc(280)] could not read dos header from C:\Windows\system32\USERENV.dll
[0426/111907:ERROR:process_reader_win.cc(232)] ReadMemory at 0x74270000 of 64 bytes failed: Only part of a ReadProcessMemory or WriteProcessMemory request was completed. (0x12B)
[0426/111907:WARNING:pe_image_reader.cc(280)] could not read dos header from C:\Windows\system32\WTSAPI32.dll
[0426/111907:ERROR:process_reader_win.cc(232)] ReadMemory at 0x773d0000 of 64 bytes failed: Only part of a ReadProcessMemory or WriteProcessMemory request was completed. (0x12B)
[0426/111907:WARNING:pe_image_reader.cc(280)] could not read dos header from C:\Windows\syswow64\MSCTF.dll
[0426/111907:ERROR:process_reader_win.cc(232)] ReadMemory at 0x77190000 of 64 bytes failed: Only part of a ReadProcessMemory or WriteProcessMemory request was completed. (0x12B)
[0426/111907:WARNING:pe_image_reader.cc(280)] could not read dos header from C:\Windows\system32\IMM32.DLL
[0426/111907:ERROR:process_reader_win.cc(232)] ReadMemory at 0x68000000 of 64 bytes failed: Only part of a ReadProcessMemory or WriteProcessMemory request was completed. (0x12B)
[0426/111907:WARNING:pe_image_reader.cc(280)] could not read dos header from C:\Windows\system32\QIPCAP.DLL
[0426/111907:ERROR:process_reader_win.cc(232)] ReadMemory at 0x76d20000 of 64 bytes failed: Only part of a ReadProcessMemory or WriteProcessMemory request was completed. (0x12B)
[0426/111907:WARNING:pe_image_reader.cc(280)] could not read dos header from C:\Windows\syswow64\SHLWAPI.dll
[0426/111907:ERROR:process_reader_win.cc(232)] ReadMemory at 0x75ec0000 of 64 bytes failed: Only part of a ReadProcessMemory or WriteProcessMemory request was completed. (0x12B)
[0426/111907:WARNING:pe_image_reader.cc(280)] could not read dos header from C:\Windows\syswow64\SHELL32.dll
[0426/111907:ERROR:process_reader_win.cc(232)] ReadMemory at 0x77150000 of 64 bytes failed: Only part of a ReadProcessMemory or WriteProcessMemory request was completed. (0x12B)
[0426/111907:WARNING:pe_image_reader.cc(280)] could not read dos header from C:\Windows\syswow64\PSAPI.DLL
[0426/111907:ERROR:process_reader_win.cc(232)] ReadMemory at 0x6cc50000 of 64 bytes failed: Only part of a ReadProcessMemory or WriteProcessMemory request was completed. (0x12B)
[0426/111907:WARNING:pe_image_reader.cc(280)] could not read dos header from C:\Windows\system32\WINSPOOL.DRV
[0426/111907:ERROR:process_reader_win.cc(232)] ReadMemory at 0x6dbe0000 of 64 bytes failed: Only part of a ReadProcessMemory or WriteProcessMemory request was completed. (0x12B)
[0426/111907:WARNING:pe_image_reader.cc(280)] could not read dos header from C:\Windows\WinSxS\x86_microsoft.windows.common-controls_6595b64144ccf1df_6.0.7601.17514_none_41e6975e2bd6f2b2\COMCTL32.dll
[0426/111907:ERROR:process_reader_win.cc(232)] ReadMemory at 0x77240000 of 64 bytes failed: Only part of a ReadProcessMemory or WriteProcessMemory request was completed. (0x12B)
[0426/111907:WARNING:pe_image_reader.cc(280)] could not read dos header from C:\Windows\syswow64\COMDLG32.dll
[0426/111907:ERROR:process_reader_win.cc(232)] ReadMemory at 0x76d90000 of 64 bytes failed: Only part of a ReadProcessMemory or WriteProcessMemory request was completed. (0x12B)
[0426/111907:WARNING:pe_image_reader.cc(280)] could not read dos header from C:\Windows\syswow64\ole32.dll
[0426/111907:ERROR:process_reader_win.cc(232)] ReadMemory at 0x77010000 of 64 bytes failed: Only part of a ReadProcessMemory or WriteProcessMemory request was completed. (0x12B)
[0426/111907:WARNING:pe_image_reader.cc(280)] could not read dos header from C:\Windows\syswow64\OLEAUT32.dll
[0426/111907:ERROR:process_reader_win.cc(232)] ReadMemory at 0x75c60000 of 64 bytes failed: Only part of a ReadProcessMemory or WriteProcessMemory request was completed. (0x12B)
[0426/111907:WARNING:pe_image_reader.cc(280)] could not read dos header from C:\Windows\syswow64\NSI.dll
[0426/111907:ERROR:process_reader_win.cc(232)] ReadMemory at 0x73920000 of 64 bytes failed: Only part of a ReadProcessMemory or WriteProcessMemory request was completed. (0x12B)
[0426/111907:WARNING:pe_image_reader.cc(280)] could not read dos header from C:\Windows\system32\WINNSI.DLL
[0426/111907:ERROR:process_reader_win.cc(232)] ReadMemory at 0x73930000 of 64 bytes failed: Only part of a ReadProcessMemory or WriteProcessMemory request was completed. (0x12B)
[0426/111907:WARNING:pe_image_reader.cc(280)] could not read dos header from C:\Windows\system32\IPHLPAPI.DLL
[0426/111907:ERROR:process_reader_win.cc(232)] ReadMemory at 0x756f0000 of 64 bytes failed: Only part of a ReadProcessMemory or WriteProcessMemory request was completed. (0x12B)
[0426/111907:WARNING:pe_image_reader.cc(280)] could not read dos header from C:\Windows\syswow64\WS2_32.dll
[0426/111907:ERROR:process_reader_win.cc(232)] ReadMemory at 0x76d80000 of 64 bytes failed: Only part of a ReadProcessMemory or WriteProcessMemory request was completed. (0x12B)
[0426/111907:WARNING:pe_image_reader.cc(280)] could not read dos header from C:\Windows\syswow64\MSASN1.dll
[0426/111907:ERROR:process_reader_win.cc(232)] ReadMemory at 0x75580000 of 64 bytes failed: Only part of a ReadProcessMemory or WriteProcessMemory request was completed. (0x12B)
[0426/111907:WARNING:pe_image_reader.cc(280)] could not read dos header from C:\Windows\syswow64\CRYPT32.dll
[0426/111907:ERROR:process_reader_win.cc(232)] ReadMemory at 0x77160000 of 64 bytes failed: Only part of a ReadProcessMemory or WriteProcessMemory request was completed. (0x12B)
[0426/111907:WARNING:pe_image_reader.cc(280)] could not read dos header from C:\Windows\syswow64\WINTRUST.dll
[0426/111907:ERROR:process_reader_win.cc(232)] ReadMemory at 0x73ba0000 of 64 bytes failed: Only part of a ReadProcessMemory or WriteProcessMemory request was completed. (0x12B)
[0426/111907:WARNING:pe_image_reader.cc(280)] could not read dos header from C:\Windows\system32\Secur32.dll
[0426/111907:ERROR:process_reader_win.cc(232)] ReadMemory at 0xfb10000 of 64 bytes failed: Only part of a ReadProcessMemory or WriteProcessMemory request was completed. (0x12B)
[0426/111907:WARNING:pe_image_reader.cc(280)] could not read dos header from C:\Program Files (x86)\Google\Chrome\Application\49.0.2623.112\chrome_child.dll
[0426/111907:ERROR:process_reader_win.cc(232)] ReadMemory at 0x59120000 of 64 bytes failed: Only part of a ReadProcessMemory or WriteProcessMemory request was completed. (0x12B)
[0426/111907:WARNING:pe_image_reader.cc(280)] could not read dos header from C:\Windows\system32\dwrite.dll
[0426/111907:ERROR:process_reader_win.cc(232)] ReadMemory at 0xbfc154 of 12 bytes failed: Only part of a ReadProcessMemory or WriteProcessMemory request was completed. (0x12B)
[0426/111907:WARNING:process_snapshot_win.cc(89)] ReadMemory ExceptionInformation failed
[0426/111907:WARNING:crash_report_exception_handler.cc(60)] ProcessSnapshotWin::InitializeException failed
[0426/111907:ERROR:scoped_process_suspend.cc(38)] NtResumeProcess, ntstatus=-1073741558
[0212/210704.476:ERROR:process_reader_win.cc(114)] NtOpenThread: {Access Denied} A process has requested access to an object, but has not been granted those access rights.  (0xc0000022)
[0212/210704.523:ERROR:exception_snapshot_win.cc(87)] thread ID 10380 not found in process
[0212/210704.523:WARNING:crash_report_exception_handler.cc(60)] ProcessSnapshotWin::Initialize failed
[0212/212647.238:ERROR:process_reader_win.cc(114)] NtOpenThread: {Access Denied} A process has requested access to an object, but has not been granted those access rights.  (0xc0000022)
[0212/212647.241:ERROR:exception_snapshot_win.cc(87)] thread ID 10000 not found in process
[0212/212647.241:WARNING:crash_report_exception_handler.cc(60)] ProcessSnapshotWin::Initialize failed
[0212/212647.246:ERROR:process_reader_win.cc(114)] NtOpenThread: {Access Denied} A process has requested access to an object, but has not been granted those access rights.  (0xc0000022)
[0212/212647.248:ERROR:exception_snapshot_win.cc(87)] thread ID 4636 not found in process
[0212/212647.248:WARNING:crash_report_exception_handler.cc(60)] ProcessSnapshotWin::Initialize failed
